0 info it worked if it ends with ok
1 verbose cli [ 'C:\\Program Files\\nodejs\\node.exe',
1 verbose cli   'C:\\Program Files\\nodejs\\node_modules\\npm\\bin\\npm-cli.js',
1 verbose cli   'run',
1 verbose cli   'build-serve' ]
2 info using npm@4.0.1
3 info using node@v7.0.0
4 verbose run-script [ 'prebuild-serve', 'build-serve', 'postbuild-serve' ]
5 info lifecycle jekyll-react-boilerplate@1.0.0~prebuild-serve: jekyll-react-boilerplate@1.0.0
6 silly lifecycle jekyll-react-boilerplate@1.0.0~prebuild-serve: no script for prebuild-serve, continuing
7 info lifecycle jekyll-react-boilerplate@1.0.0~build-serve: jekyll-react-boilerplate@1.0.0
8 verbose lifecycle jekyll-react-boilerplate@1.0.0~build-serve: unsafe-perm in lifecycle true
9 verbose lifecycle jekyll-react-boilerplate@1.0.0~build-serve: PATH: C:\Users\cschw\AppData\Roaming\nvm\v7.0.0\node_modules\npm\bin\node-gyp-bin;E:\WEBDEV\jekyll-react-boilerplate\node_modules\.bin;C:\tools\ruby23\bin;C:\Program Files\Oculus\Support\oculus-runtime;C:\Program Files (x86)\Python35-32\Scripts\;C:\Program Files (x86)\Python35-32\;C:\ProgramData\Oracle\Java\javapath;C:\Windows\system32;C:\Windows;C:\Windows\System32\Wbem;C:\Windows\System32\WindowsPowerShell\v1.0\;C:\Program Files (x86)\NVIDIA Corporation\PhysX\Common;D:\Program Files (x86)\Bitvise SSH Client;C:\WINDOWS\system32;C:\WINDOWS;C:\WINDOWS\System32\Wbem;C:\WINDOWS\System32\WindowsPowerShell\v1.0\;C:\Program Files\Git\cmd;C:\Program Files (x86)\Bitvise SSH ClientC:\ProgramData\ComposerSetup\bin;C:\Program Files (x86)\Calibre2\C:\ProgramData\ComposerSetup\bin;C:\Program Files (x86)\Windows Kits\8.1\Windows Performance Toolkit\;C:\Program Files (x86)\Heroku\bin;C:\Program Files (x86)\git\cmd;C:\Program Files (x86)\Git\cmd;C:\Users\cschw\AppData\Roaming\nvm;C:\Program Files\nodejs;C:\Program Files (x86)\Calibre2\;C:\Users\cschw\.dnx\bin;C:\Program Files\Microsoft DNX\Dnvm\;C:\Program Files\Microsoft SQL Server\130\Tools\Binn\;C:\ProgramData\chocolatey\bin;C:\Users\cschw\AppData\Local\Microsoft\WindowsApps;C:\Users\cschw\AppData\Roaming\npm;C:\Users\cschw\AppData\Roaming\Composer\vendor\bin;C:\Users\cschw\AppData\Roaming\nvm;C:\Program Files\nodejs;C:\Program Files (x86)\Microsoft VS Code\bin;C:\Users\cschw\AppData\Local\atom\bin
10 verbose lifecycle jekyll-react-boilerplate@1.0.0~build-serve: CWD: E:\WEBDEV\jekyll-react-boilerplate
11 silly lifecycle jekyll-react-boilerplate@1.0.0~build-serve: Args: [ '/d /s /c',
11 silly lifecycle   'webpack -p && jekyll build && npm run cleancss && npm run minifyhtml && serve ./public -o' ]
12 silly lifecycle jekyll-react-boilerplate@1.0.0~build-serve: Returned: code: 3221225786  signal: null
13 info lifecycle jekyll-react-boilerplate@1.0.0~build-serve: Failed to exec build-serve script
14 verbose stack Error: jekyll-react-boilerplate@1.0.0 build-serve: `webpack -p && jekyll build && npm run cleancss && npm run minifyhtml && serve ./public -o`
14 verbose stack Exit status 3221225786
14 verbose stack     at EventEmitter.<anonymous> (C:\Users\cschw\AppData\Roaming\nvm\v7.0.0\node_modules\npm\lib\utils\lifecycle.js:279:16)
14 verbose stack     at emitTwo (events.js:106:13)
14 verbose stack     at EventEmitter.emit (events.js:191:7)
14 verbose stack     at ChildProcess.<anonymous> (C:\Users\cschw\AppData\Roaming\nvm\v7.0.0\node_modules\npm\lib\utils\spawn.js:40:14)
14 verbose stack     at emitTwo (events.js:106:13)
14 verbose stack     at ChildProcess.emit (events.js:191:7)
14 verbose stack     at maybeClose (internal/child_process.js:877:16)
14 verbose stack     at Process.ChildProcess._handle.onexit (internal/child_process.js:226:5)
15 verbose pkgid jekyll-react-boilerplate@1.0.0
16 verbose cwd E:\WEBDEV\jekyll-react-boilerplate
17 error Windows_NT 10.0.14393
18 error argv "C:\\Program Files\\nodejs\\node.exe" "C:\\Program Files\\nodejs\\node_modules\\npm\\bin\\npm-cli.js" "run" "build-serve"
19 error node v7.0.0
20 error npm  v4.0.1
21 error code ELIFECYCLE
22 error jekyll-react-boilerplate@1.0.0 build-serve: `webpack -p && jekyll build && npm run cleancss && npm run minifyhtml && serve ./public -o`
22 error Exit status 3221225786
23 error Failed at the jekyll-react-boilerplate@1.0.0 build-serve script 'webpack -p && jekyll build && npm run cleancss && npm run minifyhtml && serve ./public -o'.
23 error Make sure you have the latest version of node.js and npm installed.
23 error If you do, this is most likely a problem with the jekyll-react-boilerplate package,
23 error not with npm itself.
23 error Tell the author that this fails on your system:
23 error     webpack -p && jekyll build && npm run cleancss && npm run minifyhtml && serve ./public -o
23 error You can get information on how to open an issue for this project with:
23 error     npm bugs jekyll-react-boilerplate
23 error Or if that isn't available, you can get their info via:
23 error     npm owner ls jekyll-react-boilerplate
23 error There is likely additional logging output above.
24 verbose exit [ 1, true ]
